<?xml version="1.0" encoding="UTF-8"?>
<!-- Generated by org.testng.reporters.JUnitReportReporter -->
<testsuite hostname="LIN83003265" failures="0" tests="1" name="PaintsAndColors1PageFac.PaintAndColorsTest" time="15.678" errors="0" timestamp="2023-03-03T17:48:12 IST" skipped="0">
  <testcase classname="PaintsAndColors1PageFac.PaintAndColorsTest" name="verification" time="15.678"/>
  <system-out/>
</testsuite> <!-- PaintsAndColors1PageFac.PaintAndColorsTest -->
