<?xml version="1.0" encoding="UTF-8"?>
<!-- Generated by org.testng.reporters.JUnitReportReporter -->
<testsuite hostname="LIN83003265" failures="0" tests="1" name="com.AsianTest.PaintsAndColorsTestNG" time="17.978" errors="0" timestamp="2023-03-03T17:11:09 IST" skipped="0">
  <testcase classname="com.AsianTest.PaintsAndColorsTestNG" name="verification" time="17.978"/>
  <system-out/>
</testsuite> <!-- com.AsianTest.PaintsAndColorsTestNG -->
